-------------------------------------------------------------------------------
Test set: serenity.CucumberTestSuite
-------------------------------------------------------------------------------
Tests run: 35, Failures: 1, Errors: 0, Skipped: 0, Time elapsed: 736.09 sec <<< FAILURE! - in serenity.CucumberTestSuite
As user I want to access all pages under TSAPre section(TSAPre section regression test)  Time elapsed: 18.905 sec  <<< FAILURE!
java.lang.AssertionError: null
	at TSAGOV.glue.travel.TSAGOVTsaPreRegressionGlue.all_pages_under_TSAPre_are_accessible(TSAGOVTsaPreRegressionGlue.java:69)
	at ?.page Schedule under TSAPre section is accessible(src/test/resources/TSAGOVFeatures/TSAGOVTsaPreRegression.feature:8)

