-------------------------------------------------------------------------------
Test set: serenity.CucumberTestSuite
-------------------------------------------------------------------------------
Tests run: 3, Failures: 1, Errors: 0, Skipped: 0, Time elapsed: 42.198 sec <<< FAILURE! - in serenity.CucumberTestSuite
As user I want to access TSA.gov application(Access TSA.gov)  Time elapsed: 17.02 sec  <<< FAILURE!
java.lang.AssertionError: null
	at TSAGOV.glue.TSAGOVHomePageSmokeGlue.user_would_see_section_on_the_page(TSAGOVHomePageSmokeGlue.java:29)
	at ?.user would see Header section on the page(src/test/resources/TSAGOVFeatures/TSAGOVHomePageSmoke.feature:6)

