-------------------------------------------------------------------------------
Test set: serenity.CucumberTestSuite
-------------------------------------------------------------------------------
Tests run: 44, Failures: 5, Errors: 1, Skipped: 0, Time elapsed: 929.12 sec <<< FAILURE! - in serenity.CucumberTestSuite
As user I want to access all pages on Travel Tips section(Travel Tips section regression test)  Time elapsed: 26.612 sec  <<< FAILURE!
java.lang.AssertionError: null
	at TSAGOV.glue.travel.TSAGOVTravelTipsRegressionGlue.user_is_directed_to_Travel_Tips_page(TSAGOVTravelTipsRegressionGlue.java:37)
	at ?.user is directed to Travel Tips page(src/test/resources/TSAGOVFeatures/TSAGOVTravelTipsRegression.feature:8)

As user I want to access all pages under TSAPre section(TSAPre section regression test)  Time elapsed: 22.292 sec  <<< FAILURE!
java.lang.AssertionError: null
	at TSAGOV.glue.travel.TSAGOVTsaPreRegressionGlue.user_is_directed_to_TSAPre_page(TSAGOVTsaPreRegressionGlue.java:52)
	at ?.user is directed to TSAPre page(src/test/resources/TSAGOVFeatures/TSAGOVTsaPreRegression.feature:7)

As user I want to access all pages under TSAPre section(TSAPre section regression test)  Time elapsed: 18.602 sec  <<< FAILURE!
java.lang.AssertionError: null
	at TSAGOV.glue.travel.TSAGOVTsaPreRegressionGlue.user_is_directed_to_TSAPre_page(TSAGOVTsaPreRegressionGlue.java:52)
	at ?.user is directed to TSAPre page(src/test/resources/TSAGOVFeatures/TSAGOVTsaPreRegression.feature:7)

As user I want to access all pages under TSAPre section(TSAPre section regression test)  Time elapsed: 17.662 sec  <<< FAILURE!
java.lang.AssertionError: null
	at TSAGOV.glue.travel.TSAGOVTsaPreRegressionGlue.user_is_directed_to_TSAPre_page(TSAGOVTsaPreRegressionGlue.java:52)
	at ?.user is directed to TSAPre page(src/test/resources/TSAGOVFeatures/TSAGOVTsaPreRegression.feature:7)

As user I want to access all pages under TSAPre section(TSAPre section regression test)  Time elapsed: 23.176 sec  <<< FAILURE!
java.lang.AssertionError: null
	at TSAGOV.glue.travel.TSAGOVTsaPreRegressionGlue.user_is_directed_to_TSAPre_page(TSAGOVTsaPreRegressionGlue.java:52)
	at ?.user is directed to TSAPre page(src/test/resources/TSAGOVFeatures/TSAGOVTsaPreRegression.feature:7)

As user I want to access all pages on What Can I Bring? section(What can I Bring? section regression test)  Time elapsed: 27.569 sec  <<< ERROR!
net.thucydides.core.webdriver.exceptions.ElementShouldBeEnabledException: Expected enabled element was not enabled
	at net.serenitybdd.core.pages.WebElementFacadeImpl.waitUntilClickable(WebElementFacadeImpl.java:1157)
	at sun.reflect.GeneratedMethodAccessor82.invoke(Unknown Source)
	at sun.reflect.DelegatingMethodAccessorImpl.invoke(DelegatingMethodAccessorImpl.java:43)
	at java.lang.reflect.Method.invoke(Method.java:498)
	at net.thucydides.core.annotations.locators.AbstractSingleItemHandler.invoke(AbstractSingleItemHandler.java:45)
	at com.sun.proxy.$Proxy27.waitUntilClickable(Unknown Source)
	at TSAGOV.pages.travel.TSAGOVWhatCanIBringPage.navigateToAll(TSAGOVWhatCanIBringPage.java:65)
	at TSAGOV.steps.TSAGOVTravelSteps.navigateToAll(TSAGOVTravelSteps.java:169)
	at TSAGOV.steps.TSAGOVTravelSteps$$EnhancerByCGLIB$$1c3e1cec.CGLIB$navigateToAll$67(<generated>)
	at TSAGOV.steps.TSAGOVTravelSteps$$EnhancerByCGLIB$$1c3e1cec$$FastClassByCGLIB$$2c60ee02.invoke(<generated>)
	at net.sf.cglib.proxy.MethodProxy.invokeSuper(MethodProxy.java:228)
	at net.thucydides.core.steps.StepInterceptor.invokeMethod(StepInterceptor.java:461)
	at net.thucydides.core.steps.StepInterceptor.executeTestStepMethod(StepInterceptor.java:446)
	at net.thucydides.core.steps.StepInterceptor.runTestStep(StepInterceptor.java:421)
	at net.thucydides.core.steps.StepInterceptor.runOrSkipMethod(StepInterceptor.java:176)
	at net.thucydides.core.steps.StepInterceptor.testStepResult(StepInterceptor.java:163)
	at net.thucydides.core.steps.StepInterceptor.intercept(StepInterceptor.java:69)
	at TSAGOV.steps.TSAGOVTravelSteps$$EnhancerByCGLIB$$1c3e1cec.navigateToAll(<generated>)
	at TSAGOV.glue.travel.TSAGOVWhatCanIBringRegressionGlue.all_sections_on_this_page_are_accessible(TSAGOVWhatCanIBringRegressionGlue.java:50)
	at ?.page All on What can I bring section is accessible(src/test/resources/TSAGOVFeatures/TSAGOVWhatCanIBringRegression.feature:9)
Caused by: org.openqa.selenium.TimeoutException: Expected condition failed: waiting for TSAGOVWhatCanIBringPage.allItemsLink to be clickable (tried for 5 second(s) with 100 milliseconds interval)
	at org.openqa.selenium.support.ui.FluentWait.timeoutException(FluentWait.java:304)
	at org.openqa.selenium.support.ui.FluentWait.until(FluentWait.java:272)
	at net.serenitybdd.core.pages.WebElementFacadeImpl.waitUntilClickable(WebElementFacadeImpl.java:1154)
	at sun.reflect.GeneratedMethodAccessor82.invoke(Unknown Source)
	at sun.reflect.DelegatingMethodAccessorImpl.invoke(DelegatingMethodAccessorImpl.java:43)
	at java.lang.reflect.Method.invoke(Method.java:498)
	at net.thucydides.core.annotations.locators.AbstractSingleItemHandler.invoke(AbstractSingleItemHandler.java:45)
	at com.sun.proxy.$Proxy27.waitUntilClickable(Unknown Source)
	at TSAGOV.pages.travel.TSAGOVWhatCanIBringPage.navigateToAll(TSAGOVWhatCanIBringPage.java:65)
	at TSAGOV.steps.TSAGOVTravelSteps.navigateToAll(TSAGOVTravelSteps.java:169)
	at TSAGOV.steps.TSAGOVTravelSteps$$EnhancerByCGLIB$$1c3e1cec.CGLIB$navigateToAll$67(<generated>)
	at TSAGOV.steps.TSAGOVTravelSteps$$EnhancerByCGLIB$$1c3e1cec$$FastClassByCGLIB$$2c60ee02.invoke(<generated>)
	at net.sf.cglib.proxy.MethodProxy.invokeSuper(MethodProxy.java:228)
	at net.thucydides.core.steps.StepInterceptor.invokeMethod(StepInterceptor.java:461)
	at net.thucydides.core.steps.StepInterceptor.executeTestStepMethod(StepInterceptor.java:446)
	at net.thucydides.core.steps.StepInterceptor.runTestStep(StepInterceptor.java:421)
	at net.thucydides.core.steps.StepInterceptor.runOrSkipMethod(StepInterceptor.java:176)
	at net.thucydides.core.steps.StepInterceptor.testStepResult(StepInterceptor.java:163)
	at net.thucydides.core.steps.StepInterceptor.intercept(StepInterceptor.java:69)
	at TSAGOV.steps.TSAGOVTravelSteps$$EnhancerByCGLIB$$1c3e1cec.navigateToAll(<generated>)
	at TSAGOV.glue.travel.TSAGOVWhatCanIBringRegressionGlue.all_sections_on_this_page_are_accessible(TSAGOVWhatCanIBringRegressionGlue.java:50)
	at sun.reflect.NativeMethodAccessorImpl.invoke0(Native Method)
	at sun.reflect.NativeMethodAccessorImpl.invoke(NativeMethodAccessorImpl.java:62)
	at sun.reflect.DelegatingMethodAccessorImpl.invoke(DelegatingMethodAccessorImpl.java:43)
	at java.lang.reflect.Method.invoke(Method.java:498)
	at cucumber.runtime.Utils$1.call(Utils.java:31)
	at cucumber.runtime.Timeout.timeout(Timeout.java:16)
	at cucumber.runtime.Utils.invoke(Utils.java:25)
	at cucumber.runtime.java.JavaStepDefinition.execute(JavaStepDefinition.java:37)
	at cucumber.runtime.StepDefinitionMatch.runStep(StepDefinitionMatch.java:40)
	at cucumber.api.TestStep.executeStep(TestStep.java:102)
	at cucumber.api.TestStep.run(TestStep.java:83)
	at cucumber.api.TestCase.run(TestCase.java:58)
	at cucumber.runner.Runner.runPickle(Runner.java:80)
	at cucumber.runtime.junit.PickleRunners$NoStepDescriptions.run(PickleRunners.java:140)
	at cucumber.runtime.junit.FeatureRunner.runChild(FeatureRunner.java:68)
	at cucumber.runtime.junit.FeatureRunner.runChild(FeatureRunner.java:23)
	at org.junit.runners.ParentRunner$3.run(ParentRunner.java:290)
	at org.junit.runners.ParentRunner$1.schedule(ParentRunner.java:71)
	at org.junit.runners.ParentRunner.runChildren(ParentRunner.java:288)
	at org.junit.runners.ParentRunner.access$000(ParentRunner.java:58)
	at org.junit.runners.ParentRunner$2.evaluate(ParentRunner.java:268)
	at org.junit.runners.ParentRunner.run(ParentRunner.java:363)
	at cucumber.runtime.junit.FeatureRunner.run(FeatureRunner.java:73)
	at cucumber.api.junit.Cucumber.runChild(Cucumber.java:118)
	at cucumber.api.junit.Cucumber.runChild(Cucumber.java:56)
	at org.junit.runners.ParentRunner$3.run(ParentRunner.java:290)
	at org.junit.runners.ParentRunner$1.schedule(ParentRunner.java:71)
	at org.junit.runners.ParentRunner.runChildren(ParentRunner.java:288)
	at org.junit.runners.ParentRunner.access$000(ParentRunner.java:58)
	at org.junit.runners.ParentRunner$2.evaluate(ParentRunner.java:268)
	at cucumber.api.junit.Cucumber$1.evaluate(Cucumber.java:127)
	at org.junit.runners.ParentRunner.run(ParentRunner.java:363)
	at org.apache.maven.surefire.junit4.JUnit4Provider.execute(JUnit4Provider.java:283)
	at org.apache.maven.surefire.junit4.JUnit4Provider.executeWithRerun(JUnit4Provider.java:173)
	at org.apache.maven.surefire.junit4.JUnit4Provider.executeTestSet(JUnit4Provider.java:153)
	at org.apache.maven.surefire.junit4.JUnit4Provider.invoke(JUnit4Provider.java:128)
	at org.apache.maven.surefire.booter.ForkedBooter.invokeProviderInSameClassLoader(ForkedBooter.java:203)
	at org.apache.maven.surefire.booter.ForkedBooter.runSuitesInProcess(ForkedBooter.java:155)
	at org.apache.maven.surefire.booter.ForkedBooter.main(ForkedBooter.java:103)
Caused by: org.openqa.selenium.NoSuchElementException: Timed out after 2 seconds. Element not found
For documentation on this error, please visit: https://www.seleniumhq.org/exceptions/no_such_element.html
Build info: version: '3.141.59', revision: 'e82be7d358', time: '2018-11-14T08:17:03'
System info: host: 'AFSWWD0CQT7LE1', ip: '10.84.12.99', os.name: 'Windows 10', os.arch: 'amd64', os.version: '10.0', java.version: '1.8.0_241'
Driver info: driver.version: unknown
	at net.thucydides.core.annotations.locators.SmartAjaxElementLocator.ajaxFindElement(SmartAjaxElementLocator.java:166)
	at net.thucydides.core.annotations.locators.SmartAjaxElementLocator.findElement(SmartAjaxElementLocator.java:118)
	at net.serenitybdd.core.pages.WebElementResolverByElementLocator.resolveForDriver(WebElementResolverByElementLocator.java:30)
	at net.serenitybdd.core.pages.WebElementFacadeImpl.getElement(WebElementFacadeImpl.java:217)
	at net.serenitybdd.core.pages.WebElementExpectations$5.apply(WebElementExpectations.java:106)
	at net.serenitybdd.core.pages.WebElementExpectations$5.apply(WebElementExpectations.java:98)
	at org.openqa.selenium.support.ui.FluentWait.until(FluentWait.java:249)
	at net.serenitybdd.core.pages.WebElementFacadeImpl.waitUntilClickable(WebElementFacadeImpl.java:1154)
	at sun.reflect.GeneratedMethodAccessor82.invoke(Unknown Source)
	at sun.reflect.DelegatingMethodAccessorImpl.invoke(DelegatingMethodAccessorImpl.java:43)
	at java.lang.reflect.Method.invoke(Method.java:498)
	at net.thucydides.core.annotations.locators.AbstractSingleItemHandler.invoke(AbstractSingleItemHandler.java:45)
	at com.sun.proxy.$Proxy27.waitUntilClickable(Unknown Source)
	at TSAGOV.pages.travel.TSAGOVWhatCanIBringPage.navigateToAll(TSAGOVWhatCanIBringPage.java:65)
	at TSAGOV.steps.TSAGOVTravelSteps.navigateToAll(TSAGOVTravelSteps.java:169)
	at TSAGOV.steps.TSAGOVTravelSteps$$EnhancerByCGLIB$$1c3e1cec.CGLIB$navigateToAll$67(<generated>)
	at TSAGOV.steps.TSAGOVTravelSteps$$EnhancerByCGLIB$$1c3e1cec$$FastClassByCGLIB$$2c60ee02.invoke(<generated>)
	at net.sf.cglib.proxy.MethodProxy.invokeSuper(MethodProxy.java:228)
	at net.thucydides.core.steps.StepInterceptor.invokeMethod(StepInterceptor.java:461)
	at net.thucydides.core.steps.StepInterceptor.executeTestStepMethod(StepInterceptor.java:446)
	at net.thucydides.core.steps.StepInterceptor.runTestStep(StepInterceptor.java:421)
	at net.thucydides.core.steps.StepInterceptor.runOrSkipMethod(StepInterceptor.java:176)
	at net.thucydides.core.steps.StepInterceptor.testStepResult(StepInterceptor.java:163)
	at net.thucydides.core.steps.StepInterceptor.intercept(StepInterceptor.java:69)
	at TSAGOV.steps.TSAGOVTravelSteps$$EnhancerByCGLIB$$1c3e1cec.navigateToAll(<generated>)
	at TSAGOV.glue.travel.TSAGOVWhatCanIBringRegressionGlue.all_sections_on_this_page_are_accessible(TSAGOVWhatCanIBringRegressionGlue.java:50)
	at sun.reflect.NativeMethodAccessorImpl.invoke0(Native Method)
	at sun.reflect.NativeMethodAccessorImpl.invoke(NativeMethodAccessorImpl.java:62)
	at sun.reflect.DelegatingMethodAccessorImpl.invoke(DelegatingMethodAccessorImpl.java:43)
	at java.lang.reflect.Method.invoke(Method.java:498)
	at cucumber.runtime.Utils$1.call(Utils.java:31)
	at cucumber.runtime.Timeout.timeout(Timeout.java:16)
	at cucumber.runtime.Utils.invoke(Utils.java:25)
	at cucumber.runtime.java.JavaStepDefinition.execute(JavaStepDefinition.java:37)
	at cucumber.runtime.StepDefinitionMatch.runStep(StepDefinitionMatch.java:40)
	at cucumber.api.TestStep.executeStep(TestStep.java:102)
	at cucumber.api.TestStep.run(TestStep.java:83)
	at cucumber.api.TestCase.run(TestCase.java:58)
	at cucumber.runner.Runner.runPickle(Runner.java:80)
	at cucumber.runtime.junit.PickleRunners$NoStepDescriptions.run(PickleRunners.java:140)
	at cucumber.runtime.junit.FeatureRunner.runChild(FeatureRunner.java:68)
	at cucumber.runtime.junit.FeatureRunner.runChild(FeatureRunner.java:23)
	at org.junit.runners.ParentRunner$3.run(ParentRunner.java:290)
	at org.junit.runners.ParentRunner$1.schedule(ParentRunner.java:71)
	at org.junit.runners.ParentRunner.runChildren(ParentRunner.java:288)
	at org.junit.runners.ParentRunner.access$000(ParentRunner.java:58)
	at org.junit.runners.ParentRunner$2.evaluate(ParentRunner.java:268)
	at org.junit.runners.ParentRunner.run(ParentRunner.java:363)
	at cucumber.runtime.junit.FeatureRunner.run(FeatureRunner.java:73)
	at cucumber.api.junit.Cucumber.runChild(Cucumber.java:118)
	at cucumber.api.junit.Cucumber.runChild(Cucumber.java:56)
	at org.junit.runners.ParentRunner$3.run(ParentRunner.java:290)
	at org.junit.runners.ParentRunner$1.schedule(ParentRunner.java:71)
	at org.junit.runners.ParentRunner.runChildren(ParentRunner.java:288)
	at org.junit.runners.ParentRunner.access$000(ParentRunner.java:58)
	at org.junit.runners.ParentRunner$2.evaluate(ParentRunner.java:268)
	at cucumber.api.junit.Cucumber$1.evaluate(Cucumber.java:127)
	at org.junit.runners.ParentRunner.run(ParentRunner.java:363)
	at org.apache.maven.surefire.junit4.JUnit4Provider.execute(JUnit4Provider.java:283)
	at org.apache.maven.surefire.junit4.JUnit4Provider.executeWithRerun(JUnit4Provider.java:173)
	at org.apache.maven.surefire.junit4.JUnit4Provider.executeTestSet(JUnit4Provider.java:153)
	at org.apache.maven.surefire.junit4.JUnit4Provider.invoke(JUnit4Provider.java:128)
	at org.apache.maven.surefire.booter.ForkedBooter.invokeProviderInSameClassLoader(ForkedBooter.java:203)
	at org.apache.maven.surefire.booter.ForkedBooter.runSuitesInProcess(ForkedBooter.java:155)
	at org.apache.maven.surefire.booter.ForkedBooter.main(ForkedBooter.java:103)

