-------------------------------------------------------------------------------
Test set: serenity.CucumberTestSuite
-------------------------------------------------------------------------------
Tests run: 3, Failures: 0, Errors: 1, Skipped: 1, Time elapsed: 24.788 sec <<< FAILURE! - in serenity.CucumberTestSuite
As user I want to access all pages on TSAPre section(TSAPre section regression test)  Time elapsed: 11.493 sec  <<< ERROR!
org.openqa.selenium.ElementNotVisibleException: Timed out after 2 seconds. Element not available
Build info: version: '3.141.59', revision: 'e82be7d358', time: '2018-11-14T08:17:03'
System info: host: 'AFSWWD0CQT7LE1', ip: '10.84.12.44', os.name: 'Windows 10', os.arch: 'amd64', os.version: '10.0', java.version: '1.8.0_241'
Driver info: driver.version: unknown
	at net.thucydides.core.annotations.locators.SmartAjaxElementLocator.ajaxFindElement(SmartAjaxElementLocator.java:163)
	at net.thucydides.core.annotations.locators.SmartAjaxElementLocator.findElement(SmartAjaxElementLocator.java:118)
	at net.serenitybdd.core.pages.WebElementResolverByElementLocator.resolveForDriver(WebElementResolverByElementLocator.java:30)
	at net.serenitybdd.core.pages.WebElementFacadeImpl.getElement(WebElementFacadeImpl.java:217)
	at net.serenitybdd.core.pages.WebElementExpectations$3.apply(WebElementExpectations.java:63)
	at net.serenitybdd.core.pages.WebElementExpectations$3.apply(WebElementExpectations.java:55)
	at org.openqa.selenium.support.ui.FluentWait.until(FluentWait.java:249)
	at net.serenitybdd.core.pages.WebElementFacadeImpl.waitUntilEnabled(WebElementFacadeImpl.java:1142)
	at net.serenitybdd.core.pages.WebElementFacadeImpl.waitUntilElementAvailable(WebElementFacadeImpl.java:950)
	at net.serenitybdd.core.pages.WebElementFacadeImpl.click(WebElementFacadeImpl.java:1225)
	at sun.reflect.NativeMethodAccessorImpl.invoke0(Native Method)
	at sun.reflect.NativeMethodAccessorImpl.invoke(NativeMethodAccessorImpl.java:62)
	at sun.reflect.DelegatingMethodAccessorImpl.invoke(DelegatingMethodAccessorImpl.java:43)
	at java.lang.reflect.Method.invoke(Method.java:498)
	at net.thucydides.core.annotations.locators.AbstractSingleItemHandler.invoke(AbstractSingleItemHandler.java:45)
	at com.sun.proxy.$Proxy27.click(Unknown Source)
	at TSAGOV.pages.TSAGOVBasePage.navigateToTSATravel(TSAGOVBasePage.java:73)
	at TSAGOV.steps.TSAGOVSteps.navigateToTSATravel(TSAGOVSteps.java:70)
	at TSAGOV.steps.TSAGOVSteps$$EnhancerByCGLIB$$6f8d84aa.CGLIB$navigateToTSATravel$1(<generated>)
	at TSAGOV.steps.TSAGOVSteps$$EnhancerByCGLIB$$6f8d84aa$$FastClassByCGLIB$$1992b1ec.invoke(<generated>)
	at net.sf.cglib.proxy.MethodProxy.invokeSuper(MethodProxy.java:228)
	at net.thucydides.core.steps.StepInterceptor.invokeMethod(StepInterceptor.java:461)
	at net.thucydides.core.steps.StepInterceptor.executeTestStepMethod(StepInterceptor.java:446)
	at net.thucydides.core.steps.StepInterceptor.runTestStep(StepInterceptor.java:421)
	at net.thucydides.core.steps.StepInterceptor.runOrSkipMethod(StepInterceptor.java:176)
	at net.thucydides.core.steps.StepInterceptor.testStepResult(StepInterceptor.java:163)
	at net.thucydides.core.steps.StepInterceptor.intercept(StepInterceptor.java:69)
	at TSAGOV.steps.TSAGOVSteps$$EnhancerByCGLIB$$6f8d84aa.navigateToTSATravel(<generated>)
	at TSAGOV.glue.TSAGOVTsaPreRegressionGlue.user_access_TSAPre_page(TSAGOVTsaPreRegressionGlue.java:31)
	at ?.user access TSAPre page(src/test/resources/TSAGOVFeatures/TSAGOVTsaPreRegression.feature:7)

