-------------------------------------------------------------------------------
Test set: serenity.CucumberTestSuite
-------------------------------------------------------------------------------
Tests run: 97, Failures: 1, Errors: 0, Skipped: 0, Time elapsed: 2,469.175 sec <<< FAILURE! - in serenity.CucumberTestSuite
As user I want to access TSA.gov application(Access TSA.gov)  Time elapsed: 15.281 sec  <<< FAILURE!
java.lang.AssertionError: null
	at TSAGOV.glue.TSAGOVHomePageSmokeGlue.user_would_see_section_on_the_page(TSAGOVHomePageSmokeGlue.java:30)
	at ?.user would see Header section on the page(src/test/resources/TSAGOVFeatures/TSAGOVHomePageSmoke.feature:6)

