-------------------------------------------------------------------------------
Test set: serenity.CucumberTestSuite
-------------------------------------------------------------------------------
Tests run: 1, Failures: 1, Errors: 0, Skipped: 0, Time elapsed: 23.366 sec <<< FAILURE! - in serenity.CucumberTestSuite
As user I want to search on various pages(Search Functionality regression test)  Time elapsed: 23.081 sec  <<< FAILURE!
java.lang.AssertionError: null
	at TSAGOV.glue.TSAGOVSearchRegressionGlue.search_result_is_displayed(TSAGOVSearchRegressionGlue.java:115)
	at ?.search result is displayed on page Speeches for text TSA Acting Deputy Administrator z, year 2019, month Oct(src/test/resources/TSAGOVFeatures/TSAGOVSearchRegression.feature:8)

