<?xml version="1.0" encoding="UTF-8"?>
<testsuite name="serenity.CucumberTestSuite" time="88.288" tests="2" errors="1" skipped="0" failures="0">
  <properties>
[...]
</properties>
  <testcase name="As user I want to login to the TSA.gov application" classname="login into TSA.gov" time="26.71"/>
  <testcase name="As user I want to access all pages on What Can I Bring? section" classname="What can I Bring? section regression test" time="61.578">
    <error message="org.assertj.core.api.BooleanAssert$$EnhancerByCGLIB$$7eaf826a cannot be cast to java.lang.Number" type="java.lang.ClassCastException"><![CDATA[java.lang.ClassCastException: org.assertj.core.api.BooleanAssert$$EnhancerByCGLIB$$7eaf826a cannot be cast to java.lang.Number
	at org.assertj.core.api.BooleanAssert$$EnhancerByCGLIB$$7eaf826a.hashCode(<generated>)
	at java.lang.Object.toString(Object.java:236)
	at org.assertj.core.api.BooleanAssert$$EnhancerByCGLIB$$7eaf826a.CGLIB$toString$72(<generated>)
	at org.assertj.core.api.BooleanAssert$$EnhancerByCGLIB$$7eaf826a$$FastClassByCGLIB$$6d88105f.invoke(<generated>)
	at org.assertj.core.internal.cglib.proxy.MethodProxy.invokeSuper(MethodProxy.java:228)
	at org.assertj.core.api.ErrorCollector.intercept(ErrorCollector.java:19)
	at org.assertj.core.api.BooleanAssert$$EnhancerByCGLIB$$7eaf826a.toString(<generated>)
	at java.lang.String.valueOf(String.java:2994)
	at java.io.PrintStream.println(PrintStream.java:821)
	at TSAGOV.glue.TSAGOVWhatCanIBringRegressionGlue.all_pages_on_this_section_are_accessible(TSAGOVWhatCanIBringRegressionGlue.java:90)
	at ✽.all pages on this section are accessible(src/test/resources/TSAGOVFeatures/TSAGOVWhatCanIBringRegression.feature:9)
]]></error>
    <system-err><![CDATA[27960 [main] INFO net.thucydides.core.steps.ConsoleLoggingListener - 
 _____ _____ ____ _____   ____ _____  _    ____ _____ _____ ____  
|_   _| ____/ ___|_   _| / ___|_   _|/ \  |  _ \_   _| ____|  _ \ 
  | | |  _| \___ \ | |   \___ \ | | / _ \ | |_) || | |  _| | | | |
  | | | |___ ___) || |    ___) || |/ ___ \|  _ < | | | |___| |_| |
  |_| |_____|____/ |_|   |____/ |_/_/   \_\_| \_\|_| |_____|____/ 
                                                                  

TEST STARTED: As user I want to access all pages on What Can I Bring? section
-------------------------------------------------------------------(what-can-i-bring?-section-regression-test;as-user-i-want-to-access-all-pages-on-what-can-i-bring?-section)
Feb 14, 2020 12:17:30 PM org.openqa.selenium.remote.DesiredCapabilities chrome
INFO: Using `new ChromeOptions()` is preferred to `DesiredCapabilities.chrome()`
28131 [main] INFO net.serenitybdd.core.webdriver.driverproviders.ProvideNewDriver - Instantiating driver
28131 [main] INFO net.serenitybdd.core.webdriver.driverproviders.ProvideNewDriver - Driver capabilities: Capabilities {acceptInsecureCerts: false, browserName: chrome, goog:chromeOptions: {args: [--enable-automation, --test-type], extensions: []}, loggingPrefs: org.openqa.selenium.logging..., platform: ANY, version: }
Starting ChromeDriver 79.0.3945.36 (3582db32b33893869b8c1339e8f4d9ed1816f143-refs/branch-heads/3945@{#614}) on port 31430
Only local connections are allowed.
Please protect ports used by ChromeDriver and related test frameworks to prevent access by malicious code.
[1581700651.422][WARNING]: This version of ChromeDriver has not been tested with Chrome version 80.
Feb 14, 2020 12:17:32 PM org.openqa.selenium.remote.ProtocolHandshake createSession
INFO: Detected dialect: W3C
89477 [main] ERROR net.thucydides.core.steps.ConsoleLoggingListener - 
           __  _____ _____ ____ _____   _____ _    ___ _     _____ ____  
  _       / / |_   _| ____/ ___|_   _| |  ___/ \  |_ _| |   | ____|  _ \ 
 (_)_____| |    | | |  _| \___ \ | |   | |_ / _ \  | || |   |  _| | | | |
  _|_____| |    | | | |___ ___) || |   |  _/ ___ \ | || |___| |___| |_| |
 (_)     | |    |_| |_____|____/ |_|   |_|/_/   \_\___|_____|_____|____/ 
          \_\                                                            

TEST FAILED WITH ERROR: As user I want to access all pages on What Can I Bring? section
---------------------------------------------------------------------
89535 [main] ERROR net.thucydides.core.steps.ConsoleLoggingListener - TEST FAILED AT STEP And all pages on this section are accessible
89535 [main] ERROR net.thucydides.core.steps.ConsoleLoggingListener - org.assertj.core.api.BooleanAssert$$EnhancerByCGLIB$$7eaf826a cannot be cast to java.lang.Number
]]></system-err>
  </testcase>
</testsuite>