<?xml version="1.0" encoding="UTF-8"?>
<testsuite name="serenity.CucumberTestSuite" time="21.638" tests="1" errors="1" skipped="0" failures="0">
  <properties>
[...]
</properties>
  <testcase name="As user I want to search on various pages" classname="Search Functionality regression test" time="21.638">
    <error message="Timed out after 2 seconds. Element not available&#10;Build info: version: &apos;3.141.59&apos;, revision: &apos;e82be7d358&apos;, time: &apos;2018-11-14T08:17:03&apos;&#10;System info: host: &apos;AFSWWD0CQT7LE1&apos;, ip: &apos;10.84.12.45&apos;, os.name: &apos;Windows 10&apos;, os.arch: &apos;amd64&apos;, os.version: &apos;10.0&apos;, java.version: &apos;1.8.0_241&apos;&#10;Driver info: driver.version: unknown" type="org.openqa.selenium.ElementNotVisibleException"><![CDATA[org.openqa.selenium.ElementNotVisibleException: Timed out after 2 seconds. Element not available
Build info: version: '3.141.59', revision: 'e82be7d358', time: '2018-11-14T08:17:03'
System info: host: 'AFSWWD0CQT7LE1', ip: '10.84.12.45', os.name: 'Windows 10', os.arch: 'amd64', os.version: '10.0', java.version: '1.8.0_241'
Driver info: driver.version: unknown
	at net.thucydides.core.annotations.locators.SmartAjaxElementLocator.ajaxFindElement(SmartAjaxElementLocator.java:163)
	at net.thucydides.core.annotations.locators.SmartAjaxElementLocator.findElement(SmartAjaxElementLocator.java:118)
	at net.serenitybdd.core.pages.WebElementResolverByElementLocator.resolveForDriver(WebElementResolverByElementLocator.java:30)
	at net.serenitybdd.core.pages.WebElementFacadeImpl.getElement(WebElementFacadeImpl.java:217)
	at net.serenitybdd.core.pages.WebElementExpectations$5.apply(WebElementExpectations.java:106)
	at net.serenitybdd.core.pages.WebElementExpectations$5.apply(WebElementExpectations.java:98)
	at org.openqa.selenium.support.ui.FluentWait.until(FluentWait.java:249)
	at net.serenitybdd.core.pages.WebElementFacadeImpl.waitUntilClickable(WebElementFacadeImpl.java:1154)
	at sun.reflect.NativeMethodAccessorImpl.invoke0(Native Method)
	at sun.reflect.NativeMethodAccessorImpl.invoke(NativeMethodAccessorImpl.java:62)
	at sun.reflect.DelegatingMethodAccessorImpl.invoke(DelegatingMethodAccessorImpl.java:43)
	at java.lang.reflect.Method.invoke(Method.java:498)
	at net.thucydides.core.annotations.locators.AbstractSingleItemHandler.invoke(AbstractSingleItemHandler.java:45)
	at com.sun.proxy.$Proxy27.waitUntilClickable(Unknown Source)
	at TSAGOV.pages.travel.TSAGOVTSAPrecheckPage.navigateToFaq(TSAGOVTSAPrecheckPage.java:46)
	at TSAGOV.steps.TSAGOVTravelSteps.navigateToFaq(TSAGOVTravelSteps.java:351)
	at TSAGOV.steps.TSAGOVTravelSteps$$EnhancerByCGLIB$$1c3e1cec.CGLIB$navigateToFaq$73(<generated>)
	at TSAGOV.steps.TSAGOVTravelSteps$$EnhancerByCGLIB$$1c3e1cec$$FastClassByCGLIB$$2c60ee02.invoke(<generated>)
	at net.sf.cglib.proxy.MethodProxy.invokeSuper(MethodProxy.java:228)
	at net.thucydides.core.steps.StepInterceptor.invokeMethod(StepInterceptor.java:461)
	at net.thucydides.core.steps.StepInterceptor.executeTestStepMethod(StepInterceptor.java:446)
	at net.thucydides.core.steps.StepInterceptor.runTestStep(StepInterceptor.java:421)
	at net.thucydides.core.steps.StepInterceptor.runOrSkipMethod(StepInterceptor.java:176)
	at net.thucydides.core.steps.StepInterceptor.testStepResult(StepInterceptor.java:163)
	at net.thucydides.core.steps.StepInterceptor.intercept(StepInterceptor.java:69)
	at TSAGOV.steps.TSAGOVTravelSteps$$EnhancerByCGLIB$$1c3e1cec.navigateToFaq(<generated>)
	at TSAGOV.glue.TSAGOVSearchRegressionGlue.user_access_What_Can_I_Bring_page(TSAGOVSearchRegressionGlue.java:68)
	at ✽.user access TSA Pre FAQ page(src/test/resources/TSAGOVFeatures/TSAGOVSearchRegression.feature:6)
]]></error>
    <system-err><![CDATA[635 [main] INFO net.thucydides.core.steps.ConsoleLoggingListener - 

-------------------------------------------------------------------------------------
     _______. _______ .______       _______ .__   __.  __  .___________.____    ____ 
    /       ||   ____||   _  \     |   ____||  \ |  | |  | |           |\   \  /   / 
   |   (----`|  |__   |  |_)  |    |  |__   |   \|  | |  | `---|  |----` \   \/   /  
    \   \    |   __|  |      /     |   __|  |  . `  | |  |     |  |       \_    _/   
.----)   |   |  |____ |  |\  \----.|  |____ |  |\   | |  |     |  |         |  |     
|_______/    |_______|| _| `._____||_______||__| \__| |__|     |__|         |__|    
                                                                                     
 News and tutorials at http://www.serenity-bdd.info                                  
 Documentation at https://wakaleo.gitbooks.io/the-serenity-book/content/             
 Join the Serenity Community on Rocket Chat at https://serenity-bdd.rocket.chat      
 Serenity BDD Support and Training at http://serenity-bdd.info/#/trainingandsupport  
 Learn Serenity BDD online at http://serenity-dojo.com                               
-------------------------------------------------------------------------------------

1118 [main] INFO net.thucydides.core.steps.ConsoleLoggingListener - Test Suite Started: Search Functionality regression test
1167 [main] INFO net.thucydides.core.steps.ConsoleLoggingListener - Test Suite Started: Search Functionality regression test
1184 [main] INFO net.thucydides.core.steps.ConsoleLoggingListener - 
 _____ _____ ____ _____   ____ _____  _    ____ _____ _____ ____  
|_   _| ____/ ___|_   _| / ___|_   _|/ \  |  _ \_   _| ____|  _ \ 
  | | |  _| \___ \ | |   \___ \ | | / _ \ | |_) || | |  _| | | | |
  | | | |___ ___) || |    ___) || |/ ___ \|  _ < | | | |___| |_| |
  |_| |_____|____/ |_|   |____/ |_/_/   \_\_| \_\|_| |_____|____/ 
                                                                  

TEST STARTED: As user I want to search on various pages
-------------------------------------------------------------------(search-functionality-regression-test;as-user-i-want-to-search-on-various-pages)
Mar 05, 2020 2:57:09 PM org.openqa.selenium.remote.DesiredCapabilities chrome
INFO: Using `new ChromeOptions()` is preferred to `DesiredCapabilities.chrome()`
2542 [main] INFO net.serenitybdd.core.webdriver.driverproviders.ProvideNewDriver - Instantiating driver
2545 [main] INFO net.serenitybdd.core.webdriver.driverproviders.ProvideNewDriver - Driver capabilities: Capabilities {acceptInsecureCerts: false, browserName: chrome, goog:chromeOptions: {args: [--enable-automation, --test-type], extensions: []}, loggingPrefs: org.openqa.selenium.logging..., platform: ANY, version: }
Starting ChromeDriver 79.0.3945.36 (3582db32b33893869b8c1339e8f4d9ed1816f143-refs/branch-heads/3945@{#614}) on port 28514
Only local connections are allowed.
Please protect ports used by ChromeDriver and related test frameworks to prevent access by malicious code.
[1583438231.305][WARNING]: This version of ChromeDriver has not been tested with Chrome version 80.
[1583438233.308][WARNING]: Timed out connecting to Chrome, retrying...
Mar 05, 2020 2:57:15 PM org.openqa.selenium.remote.ProtocolHandshake createSession
INFO: Detected dialect: W3C
21884 [main] ERROR net.thucydides.core.steps.ConsoleLoggingListener - 
           __  _____ _____ ____ _____   _____ _    ___ _     _____ ____  
  _       / / |_   _| ____/ ___|_   _| |  ___/ \  |_ _| |   | ____|  _ \ 
 (_)_____| |    | | |  _| \___ \ | |   | |_ / _ \  | || |   |  _| | | | |
  _|_____| |    | | | |___ ___) || |   |  _/ ___ \ | || |___| |___| |_| |
 (_)     | |    |_| |_____|____/ |_|   |_|/_/   \_\___|_____|_____|____/ 
          \_\                                                            

TEST FAILED WITH ERROR: As user I want to search on various pages
---------------------------------------------------------------------
21943 [main] ERROR net.thucydides.core.steps.ConsoleLoggingListener - TEST FAILED AT STEP Navigate to faq
21943 [main] ERROR net.thucydides.core.steps.ConsoleLoggingListener - Timed out after 2 seconds. Element not available
]]></system-err>
  </testcase>
</testsuite>