<?xml version="1.0" encoding="UTF-8"?>
<testsuite name="serenity.CucumberTestSuite" time="23.081" tests="1" errors="0" skipped="0" failures="1">
  <properties>
[...]
</properties>
  <testcase name="As user I want to search on various pages" classname="Search Functionality regression test" time="23.081">
    <failure type="java.lang.AssertionError:">java.lang.AssertionError: null
	at TSAGOV.glue.TSAGOVSearchRegressionGlue.search_result_is_displayed(TSAGOVSearchRegressionGlue.java:115)
	at ✽.search result is displayed on page Speeches for text TSA Acting Deputy Administrator z, year 2019, month Oct(src/test/resources/TSAGOVFeatures/TSAGOVSearchRegression.feature:8)
</failure>
    <system-out><![CDATA[Speeches
TSA Acting Deputy Administrator z
LIST SIZE1
]]></system-out>
    <system-err><![CDATA[590 [main] INFO net.thucydides.core.steps.ConsoleLoggingListener - 

-------------------------------------------------------------------------------------
     _______. _______ .______       _______ .__   __.  __  .___________.____    ____ 
    /       ||   ____||   _  \     |   ____||  \ |  | |  | |           |\   \  /   / 
   |   (----`|  |__   |  |_)  |    |  |__   |   \|  | |  | `---|  |----` \   \/   /  
    \   \    |   __|  |      /     |   __|  |  . `  | |  |     |  |       \_    _/   
.----)   |   |  |____ |  |\  \----.|  |____ |  |\   | |  |     |  |         |  |     
|_______/    |_______|| _| `._____||_______||__| \__| |__|     |__|         |__|    
                                                                                     
 News and tutorials at http://www.serenity-bdd.info                                  
 Documentation at https://wakaleo.gitbooks.io/the-serenity-book/content/             
 Join the Serenity Community on Rocket Chat at https://serenity-bdd.rocket.chat      
 Serenity BDD Support and Training at http://serenity-bdd.info/#/trainingandsupport  
 Learn Serenity BDD online at http://serenity-dojo.com                               
-------------------------------------------------------------------------------------

1073 [main] INFO net.thucydides.core.steps.ConsoleLoggingListener - Test Suite Started: Search Functionality regression test
1122 [main] INFO net.thucydides.core.steps.ConsoleLoggingListener - Test Suite Started: Search Functionality regression test
1140 [main] INFO net.thucydides.core.steps.ConsoleLoggingListener - 
 _____ _____ ____ _____   ____ _____  _    ____ _____ _____ ____  
|_   _| ____/ ___|_   _| / ___|_   _|/ \  |  _ \_   _| ____|  _ \ 
  | | |  _| \___ \ | |   \___ \ | | / _ \ | |_) || | |  _| | | | |
  | | | |___ ___) || |    ___) || |/ ___ \|  _ < | | | |___| |_| |
  |_| |_____|____/ |_|   |____/ |_/_/   \_\_| \_\|_| |_____|____/ 
                                                                  

TEST STARTED: As user I want to search on various pages
-------------------------------------------------------------------(search-functionality-regression-test;as-user-i-want-to-search-on-various-pages)
Mar 05, 2020 12:31:28 PM org.openqa.selenium.remote.DesiredCapabilities chrome
INFO: Using `new ChromeOptions()` is preferred to `DesiredCapabilities.chrome()`
2294 [main] INFO net.serenitybdd.core.webdriver.driverproviders.ProvideNewDriver - Instantiating driver
2295 [main] INFO net.serenitybdd.core.webdriver.driverproviders.ProvideNewDriver - Driver capabilities: Capabilities {acceptInsecureCerts: false, browserName: chrome, goog:chromeOptions: {args: [--enable-automation, --test-type], extensions: []}, loggingPrefs: org.openqa.selenium.logging..., platform: ANY, version: }
Starting ChromeDriver 79.0.3945.36 (3582db32b33893869b8c1339e8f4d9ed1816f143-refs/branch-heads/3945@{#614}) on port 26505
Only local connections are allowed.
Please protect ports used by ChromeDriver and related test frameworks to prevent access by malicious code.
[1583429491.130][WARNING]: This version of ChromeDriver has not been tested with Chrome version 80.
[1583429493.134][WARNING]: Timed out connecting to Chrome, retrying...
Mar 05, 2020 12:31:35 PM org.openqa.selenium.remote.ProtocolHandshake createSession
INFO: Detected dialect: W3C
23143 [main] ERROR net.thucydides.core.steps.ConsoleLoggingListener - 
           __  _____ _____ ____ _____   _____ _    ___ _     _____ ____  
  _       / / |_   _| ____/ ___|_   _| |  ___/ \  |_ _| |   | ____|  _ \ 
 (_)_____| |    | | |  _| \___ \ | |   | |_ / _ \  | || |   |  _| | | | |
  _|_____| |    | | | |___ ___) || |   |  _/ ___ \ | || |___| |___| |_| |
 (_)     | |    |_| |_____|____/ |_|   |_|/_/   \_\___|_____|_____|____/ 
          \_\                                                            

TEST FAILED: As user I want to search on various pages
--------------------------------------------------------------------------
23205 [main] ERROR net.thucydides.core.steps.ConsoleLoggingListener - TEST FAILED AT STEP Then search result is displayed on page Speeches for text TSA Acting Deputy Administrator z, year 2019, month Oct
23205 [main] ERROR net.thucydides.core.steps.ConsoleLoggingListener - 
]]></system-err>
  </testcase>
</testsuite>