<?xml version="1.0" encoding="UTF-8"?>
<testsuite name="serenity.CucumberTestSuite" time="165.347" tests="35" errors="0" skipped="0" failures="1">
  <properties>
[...]
</properties>
  <testcase name="As user I want to access all pages under About section" classname="About section regression test" time="18.938"/>
  <testcase name="As user I want to access all pages under About section" classname="About section regression test" time="15.214"/>
  <testcase name="As user I want to access all pages under About section" classname="About section regression test" time="13.708"/>
  <testcase name="As user I want to access all pages under About section" classname="About section regression test" time="14.24"/>
  <testcase name="As user I want to access all pages under About section" classname="About section regression test" time="15.05"/>
  <testcase name="As user I want to access all pages under About section" classname="About section regression test" time="21.126"/>
  <testcase name="As user I want to login to the TSA.gov application" classname="login into TSA.gov" time="8.258"/>
  <testcase name="As user I want to access  pages under Passenger Support section" classname="Passenger Support section regression test" time="16.679"/>
  <testcase name="As user I want to access  pages under Passenger Support section" classname="Passenger Support section regression test" time="16.517"/>
  <testcase name="As user I want to access  pages under Passenger Support section" classname="Passenger Support section regression test" time="24.106"/>
  <testcase name="As user I want to access pages under Security Screening section" classname="Security Screening section regression test" time="17.675"/>
  <testcase name="As user I want to access pages under Security Screening section" classname="Security Screening section regression test" time="18.041"/>
  <testcase name="As user I want to access pages under Security Screening section" classname="Security Screening section regression test" time="22.823"/>
  <testcase name="As user I want to access pages under Security Screening section" classname="Security Screening section regression test" time="28.208"/>
  <testcase name="As user I want to access FAQsection" classname="Travel FAQ section regression test" time="21.924"/>
  <testcase name="As user I want to access all pages on Travel Tips section" classname="Travel Tips section regression test" time="21.224"/>
  <testcase name="As user I want to access all pages under TSAPre section" classname="TSAPre section regression test" time="13.99"/>
  <testcase name="As user I want to access all pages under TSAPre section" classname="TSAPre section regression test" time="18.905">
    <failure type="java.lang.AssertionError:">java.lang.AssertionError: null
	at TSAGOV.glue.travel.TSAGOVTsaPreRegressionGlue.all_pages_under_TSAPre_are_accessible(TSAGOVTsaPreRegressionGlue.java:69)
	at ✽.page Schedule under TSAPre section is accessible(src/test/resources/TSAGOVFeatures/TSAGOVTsaPreRegression.feature:8)
</failure>
    <system-err><![CDATA[Feb 25, 2020 12:04:13 PM org.openqa.selenium.remote.DesiredCapabilities chrome
INFO: Using `new ChromeOptions()` is preferred to `DesiredCapabilities.chrome()`
309616 [main] INFO net.serenitybdd.core.webdriver.driverproviders.ProvideNewDriver - Instantiating driver
309616 [main] INFO net.serenitybdd.core.webdriver.driverproviders.ProvideNewDriver - Driver capabilities: Capabilities {acceptInsecureCerts: false, browserName: chrome, goog:chromeOptions: {args: [--enable-automation, --test-type], extensions: []}, loggingPrefs: org.openqa.selenium.logging..., platform: ANY, version: }
Starting ChromeDriver 79.0.3945.36 (3582db32b33893869b8c1339e8f4d9ed1816f143-refs/branch-heads/3945@{#614}) on port 43270
Only local connections are allowed.
Please protect ports used by ChromeDriver and related test frameworks to prevent access by malicious code.
[1582650254.191][WARNING]: This version of ChromeDriver has not been tested with Chrome version 80.
[1582650256.194][WARNING]: Timed out connecting to Chrome, retrying...
Feb 25, 2020 12:04:18 PM org.openqa.selenium.remote.ProtocolHandshake createSession
INFO: Detected dialect: W3C
328277 [main] ERROR net.thucydides.core.steps.ConsoleLoggingListener - 
           __  _____ _____ ____ _____   _____ _    ___ _     _____ ____  
  _       / / |_   _| ____/ ___|_   _| |  ___/ \  |_ _| |   | ____|  _ \ 
 (_)_____| |    | | |  _| \___ \ | |   | |_ / _ \  | || |   |  _| | | | |
  _|_____| |    | | | |___ ___) || |   |  _/ ___ \ | || |___| |___| |_| |
 (_)     | |    |_| |_____|____/ |_|   |_|/_/   \_\___|_____|_____|____/ 
          \_\                                                            

TEST FAILED: As user I want to access all pages under TSAPre section
--------------------------------------------------------------------------
328340 [main] ERROR net.thucydides.core.steps.ConsoleLoggingListener - TEST FAILED AT STEP And page Schedule under TSAPre section is accessible
328340 [main] ERROR net.thucydides.core.steps.ConsoleLoggingListener - 
]]></system-err>
  </testcase>
  <testcase name="As user I want to access all pages under TSAPre section" classname="TSAPre section regression test" time="19.573"/>
  <testcase name="As user I want to access all pages under TSAPre section" classname="TSAPre section regression test" time="22.99"/>
  <testcase name="As user I want to access all pages on What Can I Bring? section" classname="What can I Bring? section regression test" time="21.576"/>
  <testcase name="As user I want to access all pages on What Can I Bring? section" classname="What can I Bring? section regression test" time="39.071"/>
  <testcase name="As user I want to access all pages on What Can I Bring? section" classname="What can I Bring? section regression test" time="24.805"/>
  <testcase name="As user I want to access all pages on What Can I Bring? section" classname="What can I Bring? section regression test" time="23.949"/>
  <testcase name="As user I want to access all pages on What Can I Bring? section" classname="What can I Bring? section regression test" time="18.299"/>
  <testcase name="As user I want to access all pages on What Can I Bring? section" classname="What can I Bring? section regression test" time="24.283"/>
  <testcase name="As user I want to access all pages on What Can I Bring? section" classname="What can I Bring? section regression test" time="20.905"/>
  <testcase name="As user I want to access all pages on What Can I Bring? section" classname="What can I Bring? section regression test" time="19.741"/>
  <testcase name="As user I want to access all pages on What Can I Bring? section" classname="What can I Bring? section regression test" time="29.41"/>
  <testcase name="As user I want to access all pages under Special Procedure section" classname="Special Procedures section regression test" time="25.083"/>
  <testcase name="As user I want to access all pages under Special Procedure section" classname="Special Procedures section regression test" time="22.509"/>
  <testcase name="As user I want to access all pages under Special Procedure section" classname="Special Procedures section regression test" time="22.668"/>
  <testcase name="As user I want to access all pages under Special Procedure section" classname="Special Procedures section regression test" time="16.987"/>
  <testcase name="As user I want to access all pages under Special Procedure section" classname="Special Procedures section regression test" time="18.07"/>
  <testcase name="As user I want to access all pages under Special Procedure section" classname="Special Procedures section regression test" time="28.428"/>
</testsuite>