<?xml version="1.0" encoding="UTF-8"?>
<testsuite name="serenity.CucumberTestSuite" time="24.37" tests="20" errors="0" skipped="0" failures="1">
  <properties>
[...]
</properties>
  <testcase name="As user I want to access all pages under Industry section" classname="Industry section regression test" time="24.37"/>
  <testcase name="As user I want to access all pages under Industry section" classname="Industry section regression test" time="17.005"/>
  <testcase name="As user I want to access all pages under Industry section" classname="Industry section regression test" time="24.45"/>
  <testcase name="As user I want to access all pages under Industry section" classname="Industry section regression test" time="21.359"/>
  <testcase name="As user I want to access all pages under Industry section" classname="Industry section regression test" time="37.267"/>
  <testcase name="As user I want to access all pages under Industry section" classname="Industry section regression test" time="19.991"/>
  <testcase name="As user I want to access all pages under Industry section" classname="Industry section regression test" time="28.868"/>
  <testcase name="As user I want to access all pages under Industry section" classname="Industry section regression test" time="19.633"/>
  <testcase name="As user I want to access all pages under Industry section" classname="Industry section regression test" time="44.15"/>
  <testcase name="As user I want to access all pages under Industry section" classname="Industry section regression test" time="19.135"/>
  <testcase name="As user I want to access all pages under Industry section" classname="Industry section regression test" time="20.558"/>
  <testcase name="As user I want to access all pages under Industry section" classname="Industry section regression test" time="16.739"/>
  <testcase name="As user I want to access all pages under Industry section" classname="Industry section regression test" time="17.841"/>
  <testcase name="As user I want to access all pages under Industry section" classname="Industry section regression test" time="38.757"/>
  <testcase name="As user I want to access all pages under Industry section" classname="Industry section regression test" time="19.471"/>
  <testcase name="As user I want to access all pages under Industry section" classname="Industry section regression test" time="35.133"/>
  <testcase name="As user I want to access all pages under Industry section" classname="Industry section regression test" time="19.899"/>
  <testcase name="As user I want to access all pages under Industry section" classname="Industry section regression test" time="15.222">
    <failure type="java.lang.AssertionError:">java.lang.AssertionError: null
	at TSAGOV.glue.industry.TSAGOVIndustryRegressionGlue.page_Industry_under_Industry_section_is_accessible(TSAGOVIndustryRegressionGlue.java:140)
	at ✽.page Surface Transportation under Industry section is accessible(src/test/resources/TSAGOVFeatures/TSAGOVIndustryRegression.feature:6)
</failure>
    <system-err><![CDATA[Feb 27, 2020 4:20:12 PM org.openqa.selenium.remote.DesiredCapabilities chrome
INFO: Using `new ChromeOptions()` is preferred to `DesiredCapabilities.chrome()`
426311 [main] INFO net.serenitybdd.core.webdriver.driverproviders.ProvideNewDriver - Instantiating driver
426311 [main] INFO net.serenitybdd.core.webdriver.driverproviders.ProvideNewDriver - Driver capabilities: Capabilities {acceptInsecureCerts: false, browserName: chrome, goog:chromeOptions: {args: [--enable-automation, --test-type], extensions: []}, loggingPrefs: org.openqa.selenium.logging..., platform: ANY, version: }
Starting ChromeDriver 79.0.3945.36 (3582db32b33893869b8c1339e8f4d9ed1816f143-refs/branch-heads/3945@{#614}) on port 43176
Only local connections are allowed.
Please protect ports used by ChromeDriver and related test frameworks to prevent access by malicious code.
[1582838413.662][WARNING]: This version of ChromeDriver has not been tested with Chrome version 80.
[1582838415.665][WARNING]: Timed out connecting to Chrome, retrying...
Feb 27, 2020 4:20:17 PM org.openqa.selenium.remote.ProtocolHandshake createSession
INFO: Detected dialect: W3C
441230 [main] ERROR net.thucydides.core.steps.ConsoleLoggingListener - 
           __  _____ _____ ____ _____   _____ _    ___ _     _____ ____  
  _       / / |_   _| ____/ ___|_   _| |  ___/ \  |_ _| |   | ____|  _ \ 
 (_)_____| |    | | |  _| \___ \ | |   | |_ / _ \  | || |   |  _| | | | |
  _|_____| |    | | | |___ ___) || |   |  _/ ___ \ | || |___| |___| |_| |
 (_)     | |    |_| |_____|____/ |_|   |_|/_/   \_\___|_____|_____|____/ 
          \_\                                                            

TEST FAILED: As user I want to access all pages under Industry section
--------------------------------------------------------------------------
441338 [main] ERROR net.thucydides.core.steps.ConsoleLoggingListener - TEST FAILED AT STEP Then page Surface Transportation under Industry section is accessible
441338 [main] ERROR net.thucydides.core.steps.ConsoleLoggingListener - 
]]></system-err>
  </testcase>
  <testcase name="As user I want to access all pages under Industry section" classname="Industry section regression test" time="16.261"/>
  <testcase name="As user I want to access all pages under Industry section" classname="Industry section regression test" time="50.139"/>
</testsuite>