<?xml version="1.0" encoding="UTF-8"?><testsuite errors="0" failures="1" name="TSAPre section regression test" skipped="0" tests="4" time="70.02" timestamp="2020-02-25 12:03:59"><testcase name="As user I want to access all pages under TSAPre section"><failure type="java.lang.AssertionError"/><system-err>null&#13;
TSAGOV.glue.travel.TSAGOVTsaPreRegressionGlue.all_pages_under_TSAPre_are_accessible(TSAGOVTsaPreRegressionGlue.java:69)&#13;
✽.page Schedule under TSAPre section is accessible(src/test/resources/TSAGOVFeatures/TSAGOVTsaPreRegression.feature:8)&#13;
</system-err></testcase></testsuite>