<?xml version="1.0" encoding="UTF-8"?><testsuite errors="1" failures="0" name="What can I Bring? section regression test" skipped="0" tests="1" time="60.86" timestamp="2020-02-14 12:17:30"><testcase name="As user I want to access all pages on What Can I Bring? section"><error message="org.assertj.core.api.BooleanAssert$$EnhancerByCGLIB$$7eaf826a cannot be cast to java.lang.Number" type="java.lang.ClassCastException">org.assertj.core.api.BooleanAssert$$EnhancerByCGLIB$$7eaf826a cannot be cast to java.lang.Number</error><system-err>org.assertj.core.api.BooleanAssert$$EnhancerByCGLIB$$7eaf826a cannot be cast to java.lang.Number&#13;
TSAGOV.glue.TSAGOVWhatCanIBringRegressionGlue.all_pages_on_this_section_are_accessible(TSAGOVWhatCanIBringRegressionGlue.java:90)&#13;
✽.all pages on this section are accessible(src/test/resources/TSAGOVFeatures/TSAGOVWhatCanIBringRegression.feature:9)&#13;
</system-err></testcase></testsuite>