<?xml version="1.0" encoding="UTF-8"?><testsuite errors="0" failures="1" name="login into TSA.gov" skipped="0" tests="1" time="12.94" timestamp="2020-02-21 10:06:17"><testcase name="As user I want to login to the TSA.gov application"><failure message="Expected enabled element was not enabled&#10;Build info: version: '3.141.59', revision: 'e82be7d358', time: '2018-11-14T08:17:03'&#10;System info: host: 'AFSWWD0CQT7LE1', ip: '10.84.12.44', os.name: 'Windows 10', os.arch: 'amd64', os.version: '10.0', java.version: '1.8.0_241'&#10;Driver info: driver.version: unknown" type="net.thucydides.core.webdriver.exceptions.ElementShouldBeEnabledException">Expected enabled element was not enabled
Build info: version: '3.141.59', revision: 'e82be7d358', time: '2018-11-14T08:17:03'
System info: host: 'AFSWWD0CQT7LE1', ip: '10.84.12.44', os.name: 'Windows 10', os.arch: 'amd64', os.version: '10.0', java.version: '1.8.0_241'
Driver info: driver.version: unknown</failure><system-err>Expected enabled element was not enabled
Build info: version: '3.141.59', revision: 'e82be7d358', time: '2018-11-14T08:17:03'
System info: host: 'AFSWWD0CQT7LE1', ip: '10.84.12.44', os.name: 'Windows 10', os.arch: 'amd64', os.version: '10.0', java.version: '1.8.0_241'
Driver info: driver.version: unknown&#13;
TSAGOV.pages.TSAGOVBasePage.enterUsername(TSAGOVBasePage.java:50)&#13;
TSAGOV.steps.TSAGOVSteps.enterUsername(TSAGOVSteps.java:80)&#13;
TSAGOV.glue.TSAGOVBasePageGlue.user_enters_credentials(TSAGOVBasePageGlue.java:38)&#13;
✽.user logs into application using credentials(src/test/resources/TSAGOVFeatures/TSAGOVBasePage.feature:6)&#13;
</system-err></testcase></testsuite>