<?xml version="1.0" encoding="UTF-8"?><testsuite errors="2" failures="2" name="TSAPre section regression test" skipped="0" tests="4" time="38.14" timestamp="2020-02-21 10:06:33"><testcase name="As user I want to access all pages under TSAPre section"><error message="Expected enabled element was not enabled&#10;Build info: version: '3.141.59', revision: 'e82be7d358', time: '2018-11-14T08:17:03'&#10;System info: host: 'AFSWWD0CQT7LE1', ip: '10.84.12.44', os.name: 'Windows 10', os.arch: 'amd64', os.version: '10.0', java.version: '1.8.0_241'&#10;Driver info: driver.version: unknown" type="net.thucydides.core.webdriver.exceptions.ElementShouldBeEnabledException">Expected enabled element was not enabled
Build info: version: '3.141.59', revision: 'e82be7d358', time: '2018-11-14T08:17:03'
System info: host: 'AFSWWD0CQT7LE1', ip: '10.84.12.44', os.name: 'Windows 10', os.arch: 'amd64', os.version: '10.0', java.version: '1.8.0_241'
Driver info: driver.version: unknown</error><system-err>Expected enabled element was not enabled
Build info: version: '3.141.59', revision: 'e82be7d358', time: '2018-11-14T08:17:03'
System info: host: 'AFSWWD0CQT7LE1', ip: '10.84.12.44', os.name: 'Windows 10', os.arch: 'amd64', os.version: '10.0', java.version: '1.8.0_241'
Driver info: driver.version: unknown&#13;
TSAGOV.pages.TSAGOVBasePage.enterUsername(TSAGOVBasePage.java:50)&#13;
TSAGOV.steps.TSAGOVSteps.enterUsername(TSAGOVSteps.java:80)&#13;
TSAGOV.glue.TSAGOVTsaPreRegressionGlue.user_wants_to_access_all_pages_on_TSAPre_section(TSAGOVTsaPreRegressionGlue.java:29)&#13;
✽.user wants to access all pages on TSAPre section(src/test/resources/TSAGOVFeatures/TSAGOVTsaPreRegression.feature:5)&#13;
</system-err></testcase></testsuite>